<?xml version="1.0" encoding="UTF-8"?>
<TestRun id="c41a421f-7713-44bb-b68d-a2f3fe8249e6" name="Оксана@ACER-PC 2018-04-26 18:32:53" runUser="ACER-PC\Оксана" xmlns="http://microsoft.com/schemas/VisualStudio/TeamTest/2010">
  <TestSettings name="Локальные" id="6d2ca02c-1620-43e3-abef-9b913df1210a">
    <Description>Это - параметры по умолчанию для локального тестового запуска.</Description>
    <Deployment enabled="false" runDeploymentRoot="Оксана_ACER-PC 2018-04-26 18_32_53">
      <DeploymentItem filename="C:\Users\Оксана\Documents\Visual Studio 2010\Projects\TestProject1\TestProject1\net40\Selenium.WebDriverBackedSelenium.dll" />
      <DeploymentItem filename="C:\Users\Оксана\Documents\Visual Studio 2010\Projects\TestProject1\TestProject1\net40\WebDriver.dll" />
      <DeploymentItem filename="C:\Users\Оксана\Documents\Visual Studio 2010\Projects\TestProject1\TestProject1\net40\ThoughtWorks.Selenium.Core.dll" />
      <DeploymentItem filename="C:\Users\Оксана\Documents\Visual Studio 2010\Projects\TestProject1\TestProject1\net40\WebDriver.Support.dll" />
    </Deployment>
    <Execution>
      <TestTypeSpecific />
      <AgentRule name="Execution Agents">
      </AgentRule>
    </Execution>
  </TestSettings>
  <Times creation="2018-04-26T18:32:53.6785241+03:00" queuing="2018-04-26T18:33:02.9048018+03:00" start="2018-04-26T18:33:04.9262028+03:00" finish="2018-04-26T18:36:37.6249344+03:00" />
  <ResultSummary outcome="Error">
    <Counters total="1" executed="1" error="0" failed="0" timeout="0" aborted="1" inconclusive="0" passedButRunAborted="0" notRunnable="0" notExecuted="0" disconnected="0" warning="0" passed="0" completed="0" inProgress="0" pending="0" />
    <RunInfos>
      <RunInfo computerName="ACER-PC" outcome="Error" timestamp="2018-04-26T18:36:37.6199247+03:00">
        <Text>Неожиданный выход из тестового хост-процесса.</Text>
      </RunInfo>
    </RunInfos>
  </ResultSummary>
  <TestDefinitions>
    <UnitTest name="TestMethod1" storage="c:\users\оксана\documents\visual studio 2010\projects\testproject1\testproject1\bin\debug\testproject1.dll" id="59863143-3238-122e-4d8a-637b491cc755">
      <Execution id="2f09acae-b81f-47a0-b459-b142ae208de9" />
      <TestMethod codeBase="C:/Users/Оксана/Documents/Visual Studio 2010/Projects/TestProject1/TestProject1/bin/Debug/TestProject1.DLL" adapterTypeName="Microsoft.VisualStudio.TestTools.TestTypes.Unit.UnitTestAdapter, Microsoft.VisualStudio.QualityTools.Tips.UnitTest.Adapter, Version=10.0.0.0, Culture=neutral, PublicKeyToken=b03f5f7f11d50a3a" className="TestProject1.UnitTest1, TestProject1, Version=1.0.0.0, Culture=neutral, PublicKeyToken=null" name="TestMethod1" />
    </UnitTest>
  </TestDefinitions>
  <TestLists>
    <TestList name="Отсутствующие в списке результаты" id="8c84fa94-04c1-424b-9868-57a2d4851a1d" />
    <TestList name="Все загруженные результаты" id="19431567-8539-422a-85d7-44ee4e166bda" />
  </TestLists>
  <TestEntries>
    <TestEntry testId="59863143-3238-122e-4d8a-637b491cc755" executionId="2f09acae-b81f-47a0-b459-b142ae208de9" testListId="8c84fa94-04c1-424b-9868-57a2d4851a1d" />
  </TestEntries>
  <Results>
    <UnitTestResult executionId="2f09acae-b81f-47a0-b459-b142ae208de9" testId="59863143-3238-122e-4d8a-637b491cc755" testName="TestMethod1" computerName="ACER-PC" duration="00:03:30.7653125" startTime="2018-04-26T18:33:06.8586237+03:00" endTime="2018-04-26T18:36:37.6239362+03:00" testType="13cdc9d9-ddb5-4fa4-a97d-d965ccfc6d4b" outcome="Aborted" testListId="8c84fa94-04c1-424b-9868-57a2d4851a1d" relativeResultsDirectory="2f09acae-b81f-47a0-b459-b142ae208de9">
    </UnitTestResult>
  </Results>
</TestRun>