<?xml version="1.0" encoding="UTF-8"?>
<TestRun id="4c138e29-548a-4d06-bb6c-80093f2f26a3" name="Оксана@ACER-PC 2018-04-26 17:22:53" runUser="ACER-PC\Оксана" xmlns="http://microsoft.com/schemas/VisualStudio/TeamTest/2010">
  <TestSettings name="Локальные" id="6d2ca02c-1620-43e3-abef-9b913df1210a">
    <Description>Это - параметры по умолчанию для локального тестового запуска.</Description>
    <Deployment enabled="false" runDeploymentRoot="Оксана_ACER-PC 2018-04-26 17_22_53">
      <DeploymentItem filename="C:\Users\Оксана\Documents\Visual Studio 2010\Projects\TestProject1\TestProject1\net40\Selenium.WebDriverBackedSelenium.dll" />
      <DeploymentItem filename="C:\Users\Оксана\Documents\Visual Studio 2010\Projects\TestProject1\TestProject1\net40\WebDriver.dll" />
      <DeploymentItem filename="C:\Users\Оксана\Documents\Visual Studio 2010\Projects\TestProject1\TestProject1\net40\ThoughtWorks.Selenium.Core.dll" />
      <DeploymentItem filename="C:\Users\Оксана\Documents\Visual Studio 2010\Projects\TestProject1\TestProject1\net40\WebDriver.Support.dll" />
    </Deployment>
    <Execution>
      <TestTypeSpecific />
      <AgentRule name="Execution Agents">
      </AgentRule>
    </Execution>
  </TestSettings>
  <Times creation="2018-04-26T17:22:53.2047334+03:00" queuing="2018-04-26T17:23:03.4559099+03:00" start="2018-04-26T17:23:03.6277774+03:00" finish="2018-04-26T17:23:39.4781908+03:00" />
  <ResultSummary outcome="Failed">
    <Counters total="1" executed="1" error="0" failed="1" timeout="0" aborted="0" inconclusive="0" passedButRunAborted="0" notRunnable="0" notExecuted="0" disconnected="0" warning="0" passed="0" completed="0" inProgress="0" pending="0" />
  </ResultSummary>
  <TestDefinitions>
    <UnitTest name="TestMethod1" storage="c:\users\оксана\documents\visual studio 2010\projects\testproject1\testproject1\bin\debug\testproject1.dll" id="59863143-3238-122e-4d8a-637b491cc755">
      <Execution id="ff218505-008c-4e5e-8861-b013df2a9344" />
      <TestMethod codeBase="C:/Users/Оксана/Documents/Visual Studio 2010/Projects/TestProject1/TestProject1/bin/Debug/TestProject1.DLL" adapterTypeName="Microsoft.VisualStudio.TestTools.TestTypes.Unit.UnitTestAdapter, Microsoft.VisualStudio.QualityTools.Tips.UnitTest.Adapter, Version=10.0.0.0, Culture=neutral, PublicKeyToken=b03f5f7f11d50a3a" className="TestProject1.UnitTest1, TestProject1, Version=1.0.0.0, Culture=neutral, PublicKeyToken=null" name="TestMethod1" />
    </UnitTest>
  </TestDefinitions>
  <TestLists>
    <TestList name="Отсутствующие в списке результаты" id="8c84fa94-04c1-424b-9868-57a2d4851a1d" />
    <TestList name="Все загруженные результаты" id="19431567-8539-422a-85d7-44ee4e166bda" />
  </TestLists>
  <TestEntries>
    <TestEntry testId="59863143-3238-122e-4d8a-637b491cc755" executionId="ff218505-008c-4e5e-8861-b013df2a9344" testListId="8c84fa94-04c1-424b-9868-57a2d4851a1d" />
  </TestEntries>
  <Results>
    <UnitTestResult executionId="ff218505-008c-4e5e-8861-b013df2a9344" testId="59863143-3238-122e-4d8a-637b491cc755" testName="TestMethod1" computerName="ACER-PC" duration="00:00:31.8556494" startTime="2018-04-26T17:23:03.9769391+03:00" endTime="2018-04-26T17:23:37.6888510+03:00" testType="13cdc9d9-ddb5-4fa4-a97d-d965ccfc6d4b" outcome="Failed" testListId="8c84fa94-04c1-424b-9868-57a2d4851a1d" relativeResultsDirectory="ff218505-008c-4e5e-8861-b013df2a9344">
      <Output>
        <ErrorInfo>
          <Message>Метод проверки TestProject1.UnitTest1.TestMethod1 выдал исключение: OpenQA.Selenium.NoSuchElementException: no such element: Unable to locate element: {"method":"css selector","selector":"#relex-panel-main &gt; div &gt; div &gt; div.col-md-9 &gt; div &gt; div &gt; div &gt; div:nth-child(1) &gt; h4 &gt; a"}
  (Session info: chrome=65.0.3325.181)
  (Driver info: chromedriver=2.36.540470 (e522d04694c7ebea4ba8821272dbef4f9b818c91),platform=Windows NT 10.0.16299 x86_64).</Message>
          <StackTrace>    в OpenQA.Selenium.Remote.RemoteWebDriver.UnpackAndThrowOnError(Response errorResponse) в c:\Projects\webdriver\dotnet\src\webdriver\Remote\RemoteWebDriver.cs:строка 1107
   в OpenQA.Selenium.Remote.RemoteWebDriver.Execute(String driverCommandToExecute, Dictionary`2 parameters) в c:\Projects\webdriver\dotnet\src\webdriver\Remote\RemoteWebDriver.cs:строка 920
   в OpenQA.Selenium.Remote.RemoteWebDriver.FindElement(String mechanism, String value) в c:\Projects\webdriver\dotnet\src\webdriver\Remote\RemoteWebDriver.cs:строка 954
   в OpenQA.Selenium.Remote.RemoteWebDriver.FindElementByCssSelector(String cssSelector) в c:\Projects\webdriver\dotnet\src\webdriver\Remote\RemoteWebDriver.cs:строка 728
   в OpenQA.Selenium.By.&lt;&gt;c__DisplayClass1e.&lt;CssSelector&gt;b__1c(ISearchContext context) в c:\Projects\webdriver\dotnet\src\webdriver\By.cs:строка 260
   в OpenQA.Selenium.By.FindElement(ISearchContext context) в c:\Projects\webdriver\dotnet\src\webdriver\By.cs:строка 309
   в OpenQA.Selenium.Remote.RemoteWebDriver.FindElement(By by) в c:\Projects\webdriver\dotnet\src\webdriver\Remote\RemoteWebDriver.cs:строка 330
   в TestProject1.UnitTest1.TestMethod1() в C:\Users\Оксана\Documents\Visual Studio 2010\Projects\TestProject1\TestProject1\UnitTest1.cs:строка 31
</StackTrace>
        </ErrorInfo>
      </Output>
    </UnitTestResult>
  </Results>
</TestRun>